<?xml version="1.0" encoding="UTF-8"?>
<testsuite xmlns:xsi="http://www.w3.org/2001/XMLSchema-instance" xsi:noNamespaceSchemaLocation="https://maven.apache.org/surefire/maven-surefire-plugin/xsd/surefire-test-report-3.0.xsd" version="3.0" name="com.residentia.controller.AuthControllerIntegrationTest" time="13.167" tests="3" errors="0" skipped="0" failures="0">
  <properties>
[...]
</properties>
  <testcase name="registerClient_duplicateMobile_returnsConflict" classname="com.residentia.controller.AuthControllerIntegrationTest" time="1.549">
    <system-out><![CDATA[22:26:39.957 [main] INFO org.springframework.test.context.support.AnnotationConfigContextLoaderUtils -- Could not detect default configuration classes for test class [com.residentia.controller.AuthControllerIntegrationTest]: AuthControllerIntegrationTest does not declare any static, non-private, non-final, nested classes annotated with @Configuration.
22:26:40.580 [main] INFO org.springframework.boot.test.context.SpringBootTestContextBootstrapper -- Found @SpringBootConfiguration com.residentia.ResidentialiaApplication for test class com.residentia.controller.AuthControllerIntegrationTest
22:26:40.820 [main] INFO org.springframework.boot.devtools.restart.RestartApplicationListener -- Restart disabled due to context in which it is running

  .   ____          _            __ _ _
 /\\ / ___'_ __ _ _(_)_ __  __ _ \ \ \ \
( ( )\___ | '_ | '_| | '_ \/ _` | \ \ \ \
 \\/  ___)| |_)| | | | | || (_| |  ) ) ) )
  '  |____| .__|_| |_|_| |_\__, | / / / /
 =========|_|==============|___/=/_/_/_/
 :: Spring Boot ::                (v3.2.0)

2026-01-31T22:26:41.547+05:30  INFO 22192 --- [residentia-backend] [           main] c.r.c.AuthControllerIntegrationTest      : Starting AuthControllerIntegrationTest using Java 22.0.2 with PID 22192 (started by HARSHAL in C:\Users\HARSHAL\OneDrive\Documents\Desktop\residentia\server\residentia-backend)
2026-01-31T22:26:41.549+05:30 DEBUG 22192 --- [residentia-backend] [           main] c.r.c.AuthControllerIntegrationTest      : Running with Spring Boot v3.2.0, Spring v6.1.1
2026-01-31T22:26:41.551+05:30  INFO 22192 --- [residentia-backend] [           main] c.r.c.AuthControllerIntegrationTest      : No active profile set, falling back to 1 default profile: "default"
2026-01-31T22:26:44.296+05:30  INFO 22192 --- [residentia-backend] [           main] .s.d.r.c.RepositoryConfigurationDelegate : Bootstrapping Spring Data JPA repositories in DEFAULT mode.
2026-01-31T22:26:44.437+05:30  INFO 22192 --- [residentia-backend] [           main] .s.d.r.c.RepositoryConfigurationDelegate : Finished Spring Data repository scanning in 125 ms. Found 7 JPA repository interfaces.
2026-01-31T22:26:45.371+05:30  INFO 22192 --- [residentia-backend] [           main] com.zaxxer.hikari.HikariDataSource       : HikariPool-1 - Starting...
2026-01-31T22:26:46.041+05:30  INFO 22192 --- [residentia-backend] [           main] com.zaxxer.hikari.pool.HikariPool        : HikariPool-1 - Added connection com.mysql.cj.jdbc.ConnectionImpl@2b9e69fb
2026-01-31T22:26:46.043+05:30  INFO 22192 --- [residentia-backend] [           main] com.zaxxer.hikari.HikariDataSource       : HikariPool-1 - Start completed.
2026-01-31T22:26:46.259+05:30  INFO 22192 --- [residentia-backend] [           main] o.hibernate.jpa.internal.util.LogHelper  : HHH000204: Processing PersistenceUnitInfo [name: default]
2026-01-31T22:26:46.432+05:30  INFO 22192 --- [residentia-backend] [           main] org.hibernate.Version                    : HHH000412: Hibernate ORM core version 6.3.1.Final
2026-01-31T22:26:46.522+05:30  INFO 22192 --- [residentia-backend] [           main] o.h.c.internal.RegionFactoryInitiator    : HHH000026: Second-level cache disabled
2026-01-31T22:26:47.048+05:30  INFO 22192 --- [residentia-backend] [           main] o.s.o.j.p.SpringPersistenceUnitInfo      : No LoadTimeWeaver setup: ignoring JPA class transformer
2026-01-31T22:26:47.150+05:30  WARN 22192 --- [residentia-backend] [           main] org.hibernate.orm.deprecation            : HHH90000025: MySQL8Dialect does not need to be specified explicitly using 'hibernate.dialect' (remove the property setting and it will be selected by default)
2026-01-31T22:26:47.152+05:30  WARN 22192 --- [residentia-backend] [           main] org.hibernate.orm.deprecation            : HHH90000026: MySQL8Dialect has been deprecated; use org.hibernate.dialect.MySQLDialect instead
2026-01-31T22:26:47.412+05:30  WARN 22192 --- [residentia-backend] [           main] o.h.boot.model.internal.ToOneBinder      : HHH000491: 'com.residentia.entity.Review.property' uses both @NotFound and FetchType.LAZY. @ManyToOne and @OneToOne associations mapped with @NotFound are forced to EAGER fetching.
2026-01-31T22:26:48.402+05:30  INFO 22192 --- [residentia-backend] [           main] o.h.e.t.j.p.i.JtaPlatformInitiator       : HHH000489: No JTA platform available (set 'hibernate.transaction.jta.platform' to enable JTA platform integration)
2026-01-31T22:26:48.610+05:30  INFO 22192 --- [residentia-backend] [           main] j.LocalContainerEntityManagerFactoryBean : Initialized JPA EntityManagerFactory for persistence unit 'default'
2026-01-31T22:26:49.721+05:30  WARN 22192 --- [residentia-backend] [           main] JpaBaseConfiguration$JpaWebConfiguration : spring.jpa.open-in-view is enabled by default. Therefore, database queries may be performed during view rendering. Explicitly configure spring.jpa.open-in-view to disable this warning
2026-01-31T22:26:49.746+05:30 DEBUG 22192 --- [residentia-backend] [           main] swordEncoderAuthenticationManagerBuilder : No authenticationProviders and no parentAuthenticationManager defined. Returning null.
2026-01-31T22:26:50.236+05:30  INFO 22192 --- [residentia-backend] [           main] o.s.s.web.DefaultSecurityFilterChain     : Will secure any request with [org.springframework.security.web.session.DisableEncodeUrlFilter@3299ee2c, org.springframework.security.web.context.request.async.WebAsyncManagerIntegrationFilter@542759f, org.springframework.security.web.context.SecurityContextHolderFilter@420c9959, org.springframework.security.web.header.HeaderWriterFilter@2bd67cf9, org.springframework.web.filter.CorsFilter@68ac6e6e, org.springframework.security.web.authentication.logout.LogoutFilter@3f8c4bcf, com.residentia.config.JwtAuthenticationFilter@5ec921f1, org.springframework.security.web.savedrequest.RequestCacheAwareFilter@5f113867, org.springframework.security.web.servletapi.SecurityContextHolderAwareRequestFilter@72cf159f, org.springframework.security.web.authentication.AnonymousAuthenticationFilter@6eb6750f, org.springframework.security.web.session.SessionManagementFilter@7d583602, org.springframework.security.web.access.ExceptionTranslationFilter@10b063fd, org.springframework.security.web.access.intercept.AuthorizationFilter@34a06981]
2026-01-31T22:26:50.818+05:30 DEBUG 22192 --- [residentia-backend] [           main] c.r.config.JwtAuthenticationFilter       : Filter 'jwtAuthenticationFilter' configured for use
2026-01-31T22:26:50.820+05:30  INFO 22192 --- [residentia-backend] [           main] o.s.b.t.m.w.SpringBootMockServletContext : Initializing Spring TestDispatcherServlet ''
2026-01-31T22:26:50.820+05:30  INFO 22192 --- [residentia-backend] [           main] o.s.t.web.servlet.TestDispatcherServlet  : Initializing Servlet ''
2026-01-31T22:26:50.822+05:30  INFO 22192 --- [residentia-backend] [           main] o.s.t.web.servlet.TestDispatcherServlet  : Completed initialization in 2 ms
2026-01-31T22:26:50.853+05:30  INFO 22192 --- [residentia-backend] [           main] c.r.c.AuthControllerIntegrationTest      : Started AuthControllerIntegrationTest in 10.054 seconds (process running for 13.194)
2026-01-31T22:26:51.847+05:30 DEBUG 22192 --- [residentia-backend] [           main] o.s.security.web.FilterChainProxy        : Securing POST /api/auth/register/client
2026-01-31T22:26:51.853+05:30 DEBUG 22192 --- [residentia-backend] [           main] c.r.config.JwtAuthenticationFilter       : No JWT token found in request header
2026-01-31T22:26:51.855+05:30 DEBUG 22192 --- [residentia-backend] [           main] o.s.s.w.a.AnonymousAuthenticationFilter  : Set SecurityContextHolder to anonymous SecurityContext
2026-01-31T22:26:51.857+05:30 DEBUG 22192 --- [residentia-backend] [           main] o.s.security.web.FilterChainProxy        : Secured POST /api/auth/register/client
2026-01-31T22:26:51.903+05:30  INFO 22192 --- [residentia-backend] [           main] c.residentia.controller.AuthController   : Auth register client request (map): dup1+1769878611811@example.com
2026-01-31T22:26:52.380+05:30 DEBUG 22192 --- [residentia-backend] [           main] o.s.security.web.FilterChainProxy        : Securing POST /api/auth/register/client
2026-01-31T22:26:52.380+05:30 DEBUG 22192 --- [residentia-backend] [           main] c.r.config.JwtAuthenticationFilter       : No JWT token found in request header
2026-01-31T22:26:52.381+05:30 DEBUG 22192 --- [residentia-backend] [           main] o.s.s.w.a.AnonymousAuthenticationFilter  : Set SecurityContextHolder to anonymous SecurityContext
2026-01-31T22:26:52.381+05:30 DEBUG 22192 --- [residentia-backend] [           main] o.s.security.web.FilterChainProxy        : Secured POST /api/auth/register/client
2026-01-31T22:26:52.382+05:30  INFO 22192 --- [residentia-backend] [           main] c.residentia.controller.AuthController   : Auth register client request (map): dup2+1769878612379@example.com
]]></system-out>
    <system-err><![CDATA[WARNING: A Java agent has been loaded dynamically (C:\Users\HARSHAL\.m2\repository\net\bytebuddy\byte-buddy-agent\1.14.10\byte-buddy-agent-1.14.10.jar)
WARNING: If a serviceability tool is in use, please run with -XX:+EnableDynamicAgentLoading to hide this warning
WARNING: If a serviceability tool is not in use, please run with -Djdk.instrument.traceUsage for more information
WARNING: Dynamic loading of agents will be disallowed by default in a future release
]]></system-err>
  </testcase>
  <testcase name="registerClient_success_returnsCreatedWithToken" classname="com.residentia.controller.AuthControllerIntegrationTest" time="0.32">
    <system-out><![CDATA[2026-01-31T22:26:52.437+05:30 DEBUG 22192 --- [residentia-backend] [           main] o.s.security.web.FilterChainProxy        : Securing POST /api/auth/register/client
2026-01-31T22:26:52.438+05:30 DEBUG 22192 --- [residentia-backend] [           main] c.r.config.JwtAuthenticationFilter       : No JWT token found in request header
2026-01-31T22:26:52.438+05:30 DEBUG 22192 --- [residentia-backend] [           main] o.s.s.w.a.AnonymousAuthenticationFilter  : Set SecurityContextHolder to anonymous SecurityContext
2026-01-31T22:26:52.440+05:30 DEBUG 22192 --- [residentia-backend] [           main] o.s.security.web.FilterChainProxy        : Secured POST /api/auth/register/client
2026-01-31T22:26:52.441+05:30  INFO 22192 --- [residentia-backend] [           main] c.residentia.controller.AuthController   : Auth register client request (map): success+1769878612437@example.com
2026-01-31T22:26:52.602+05:30 DEBUG 22192 --- [residentia-backend] [           main] o.s.security.web.FilterChainProxy        : Securing POST /api/auth/login
2026-01-31T22:26:52.602+05:30 DEBUG 22192 --- [residentia-backend] [           main] c.r.config.JwtAuthenticationFilter       : No JWT token found in request header
2026-01-31T22:26:52.602+05:30 DEBUG 22192 --- [residentia-backend] [           main] o.s.s.w.a.AnonymousAuthenticationFilter  : Set SecurityContextHolder to anonymous SecurityContext
2026-01-31T22:26:52.603+05:30 DEBUG 22192 --- [residentia-backend] [           main] o.s.security.web.FilterChainProxy        : Secured POST /api/auth/login
2026-01-31T22:26:52.630+05:30  INFO 22192 --- [residentia-backend] [           main] c.residentia.controller.AuthController   : Login attempt - Role: CLIENT, Email: success+1769878612437@example.com
2026-01-31T22:26:52.741+05:30  INFO 22192 --- [residentia-backend] [           main] c.residentia.controller.AuthController   : Client login successful: success+1769878612437@example.com
]]></system-out>
  </testcase>
  <testcase name="registerClient_missingMobile_returnsBadRequest" classname="com.residentia.controller.AuthControllerIntegrationTest" time="0.012">
    <system-out><![CDATA[2026-01-31T22:26:52.757+05:30 DEBUG 22192 --- [residentia-backend] [           main] o.s.security.web.FilterChainProxy        : Securing POST /api/auth/register/client
2026-01-31T22:26:52.758+05:30 DEBUG 22192 --- [residentia-backend] [           main] c.r.config.JwtAuthenticationFilter       : No JWT token found in request header
2026-01-31T22:26:52.758+05:30 DEBUG 22192 --- [residentia-backend] [           main] o.s.s.w.a.AnonymousAuthenticationFilter  : Set SecurityContextHolder to anonymous SecurityContext
2026-01-31T22:26:52.758+05:30 DEBUG 22192 --- [residentia-backend] [           main] o.s.security.web.FilterChainProxy        : Secured POST /api/auth/register/client
2026-01-31T22:26:52.760+05:30  INFO 22192 --- [residentia-backend] [           main] c.residentia.controller.AuthController   : Auth register client request (map): missingmobile@example.com
]]></system-out>
  </testcase>
</testsuite>